number,value,datetime_start,datetime_complete,duration,params_colsample_bylevel,params_colsample_bynode,params_colsample_bytree,params_gamma,params_learning_rate,params_max_bin,params_max_depth,params_max_leaves,params_min_child_weight,params_n_estimators,params_reg_alpha,params_reg_lambda,params_scale_pos_weight,params_subsample,state
0,0.35482568834283507,2026-04-13 15:33:09.233585,2026-04-13 15:33:23.617234,0 days 00:00:14.383649,0.7207805082202461,0.8540362888980227,0.9063233020424546,8.324426408004218,0.0011037070265134034,358,9,188,5.523841089749877,999,1.5836105732402e-08,25.53445324755568,1.6237445557790964,0.5290418060840998,COMPLETE
1,0.3549309237983751,2026-04-13 15:33:23.618761,2026-04-13 15:33:43.387651,0 days 00:00:19.768890,0.5045012539746527,0.6831809216468459,0.3976457024564293,1.9967378215835974,0.004477428417528145,330,4,78,9.445645065743216,691,0.0002650996148684708,0.4124754430303407,3.139281914552616,0.8059264473611898,COMPLETE
2,0.3333761640368604,2026-04-13 15:33:43.388365,2026-04-13 15:33:46.006761,0 days 00:00:02.618396,0.5132296384213595,0.5488360570031919,0.8658781436815227,1.2203823484477883,0.000695587101817605,193,3,156,28.517680580346664,1348,0.04328681181816577,0.00018579149703336993,3.0436116823408654,0.9828160165372797,COMPLETE
3,0.35284049259680755,2026-04-13 15:33:46.007506,2026-04-13 15:33:55.719990,0 days 00:00:09.712484,0.978709239435191,0.8875664116805573,0.4293981188678689,5.978999788110851,0.002432308267323791,383,9,66,16.081972614156513,455,12.947086612880602,4.774233225501719,5.185664497943072,0.7733551396716398,COMPLETE
4,0.34177737658963625,2026-04-13 15:33:55.720682,2026-04-13 15:34:04.918262,0 days 00:00:09.197580,0.49665415678116653,0.7713480415791243,0.5497273286855124,0.7455064367977082,0.003594689518561294,253,4,11,8.869121921442982,541,2.327125638489774e-07,0.6032321141150596,5.512033172723368,0.9143687545759647,COMPLETE
5,0.3421206400575333,2026-04-13 15:34:04.918920,2026-04-13 15:34:04.994754,0 days 00:00:00.075834,0.5509260099809908,0.5579345297625649,0.35183125621386324,3.308980248526492,0.018070426410719067,441,4,1,22.14120787318863,1636,2.3507921846521724,0.011100686452941145,0.8768538955868801,0.8856351733429728,PRUNED
6,0.36094842695576534,2026-04-13 15:34:04.995370,2026-04-13 15:34:12.945213,0 days 00:00:07.949843,0.8325495340318282,0.7806385987847482,0.7992713510560965,5.227328293819941,0.04513291031390362,373,5,187,14.69423282969653,897,0.30032228022192725,0.0006156142687895104,2.704074394651957,0.5597971229691509,COMPLETE
7,0.5775102953664558,2026-04-13 15:34:12.945671,2026-04-13 15:34:13.029361,0 days 00:00:00.083690,0.5872680461249408,0.8777755692715243,0.47450456040421246,2.8975145291376805,0.0024651781168983818,373,3,8,15.74855004377638,440,1.6561762183321752e-06,5.579892555161637e-08,1.3671292193317934,0.9537832369630466,PRUNED
8,0.3607132037390254,2026-04-13 15:34:13.029773,2026-04-13 15:34:21.161119,0 days 00:00:08.131346,0.8652081086148438,0.9480456499617467,0.6775395693409555,2.279351625419417,0.02953654470298988,463,8,162,6.410531707695039,1888,1.2142445560368579e-05,1.1678587390897415e-07,2.7018995486576607,0.9462794992449889,COMPLETE
9,0.3421206400575333,2026-04-13 15:34:21.161562,2026-04-13 15:34:21.235308,0 days 00:00:00.073746,0.9600367927387634,0.6616014660103776,0.5363306199825395,3.63629602379294,0.004159048045255321,324,9,1,7.441126503651177,1709,0.001075807775398724,0.0658506088548387,5.436205664808598,0.5599326836668415,PRUNED
10,0.35975868432986313,2026-04-13 15:34:21.235706,2026-04-13 15:34:25.663594,0 days 00:00:04.427888,0.7417523754273225,0.9961813327301685,0.7465802286477426,6.087825165646255,0.0736107157281104,134,6,249,22.107297066960665,954,0.09280038502578433,2.8426153307232247e-05,3.7745786951621967,0.628963476300746,COMPLETE
11,0.6084091762599831,2026-04-13 15:34:25.664055,2026-04-13 15:34:26.561258,0 days 00:00:00.897203,0.8401649002798567,0.9647839401737395,0.6694452251210223,4.812884929660226,0.029130672902489625,512,7,205,1.2077133260576352,1933,6.964402206796733e-05,2.117134701055663e-08,2.2786645058494623,0.664404783831624,PRUNED
12,0.6081485799002553,2026-04-13 15:34:26.561711,2026-04-13 15:34:27.418669,0 days 00:00:00.856958,0.3091982210024658,0.7988110112219176,0.7757132323277951,7.8066901794359325,0.015445369678916621,463,7,129,13.329694611118569,1340,0.013547426499160293,1.7166753654426951e-06,3.826999599834765,0.700477984841022,PRUNED
13,0.3614310853965078,2026-04-13 15:34:27.419113,2026-04-13 15:34:31.063133,0 days 00:00:03.644020,0.8521204889409032,0.7138098282032617,0.6445666160479484,0.04740119653089536,0.07914025608114626,420,6,205,1.145125728732804,914,9.337999913051757e-06,3.816920348673814e-06,2.390823922329578,0.8339536636469279,COMPLETE
14,0.36025311290358947,2026-04-13 15:34:31.063480,2026-04-13 15:34:35.043155,0 days 00:00:03.979675,0.8569675604456638,0.6954771034439046,0.967601956362857,9.876263534154244,0.07808407357072877,416,6,240,1.7893517653447084,870,0.5769092506382758,0.0016997713578515525,2.1659158525300435,0.8404568321739497,COMPLETE
15,0.6114024486933071,2026-04-13 15:34:35.043500,2026-04-13 15:34:35.895522,0 days 00:00:00.852022,0.748046954195528,0.6145777931279819,0.8019789156744628,0.12255917793517135,0.04443340129383858,269,5,198,22.534699199127985,1121,0.0013855470755618098,1.123316332458348e-05,3.9380375148330153,0.7356215420125383,PRUNED
16,0.595126378230768,2026-04-13 15:34:35.896119,2026-04-13 15:34:35.996009,0 days 00:00:00.099890,0.6631777712406347,0.7379875292104592,0.5847681594467165,4.489043412595979,0.010233680426145449,260,5,231,11.894812384921472,749,2.694047401681121e-07,1.8390643594054273e-06,4.596501789889915,0.623172759365493,PRUNED
17,0.6111500746663199,2026-04-13 15:34:35.996356,2026-04-13 15:34:36.842183,0 days 00:00:00.845827,0.8893640817936715,0.6239094331811792,0.6383924068360378,5.891816012406031,0.04223817097104698,422,5,160,18.294884993851685,1204,1.6753219263510672e-05,0.0005166116736184565,1.863782911071266,0.8534081430617041,PRUNED
18,0.6076220339569915,2026-04-13 15:34:36.842537,2026-04-13 15:34:37.557437,0 days 00:00:00.714900,0.8092227962355961,0.8154316407364176,0.7263367747030433,7.573147661433608,0.008429337681079938,512,7,110,28.396056553109354,718,0.010324273494774343,0.006024260967966039,2.7736512386303307,0.5821718262630846,PRUNED
19,0.5926334521015547,2026-04-13 15:34:37.557794,2026-04-13 15:34:37.661320,0 days 00:00:00.103526,0.9243218852970996,0.7214278133929062,0.8579838190324162,6.792111554276068,0.04392087964309997,285,6,217,4.228619281371511,1140,23.88370018444283,4.4463948595597394e-05,1.034819812891262,0.7378524976696031,PRUNED
20,0.6069882565262777,2026-04-13 15:34:37.661675,2026-04-13 15:34:38.356577,0 days 00:00:00.694902,0.7871869764873402,0.7700472005795816,0.6047951172166767,9.380468275939966,0.017272455600721395,397,6,132,19.032030309479055,1442,0.4804233721671712,3.5213584779693016e-06,3.3626469755839365,0.5110021684815567,PRUNED
21,0.606969607161114,2026-04-13 15:34:38.356931,2026-04-13 15:34:39.136017,0 days 00:00:00.779086,0.9026666266103384,0.9207204895503864,0.7014228327468255,2.2287638230049613,0.02903748755899554,467,8,178,4.757075426186075,1902,6.591605200524134e-06,1.626478233356199e-07,2.5985976402237734,0.916582454184729,PRUNED
22,0.6073639370315086,2026-04-13 15:34:39.136377,2026-04-13 15:34:39.908821,0 days 00:00:00.772444,0.6648088598452513,0.8339925541362461,0.8144680199810137,0.026292884006615714,0.05908388075821686,463,8,166,11.136085770756862,917,7.131803970404684e-05,1.5103744868003417e-07,2.422196345512225,0.9908536463019033,PRUNED
23,0.6120351895765468,2026-04-13 15:34:39.912866,2026-04-13 15:34:42.029582,0 days 00:00:02.116716,0.8076693605701857,0.9155960341757001,0.6686622274577185,1.1891956062116642,0.028591535611621175,355,8,219,3.280160195555,1624,1.6268741701683272e-06,4.87483626626708e-07,1.7863106869646317,0.8301168992225217,PRUNED
24,0.5958787707455081,2026-04-13 15:34:42.029910,2026-04-13 15:34:42.133193,0 days 00:00:00.103283,0.9976716372121956,0.5027292876886565,0.9963194078339279,3.8813063382994892,0.02466050345773532,480,5,142,7.257001179118632,1083,2.3759540014662578e-08,1.717803919100143e-08,2.815342047149768,0.8817465877820794,PRUNED
25,0.6003909269273374,2026-04-13 15:34:42.133535,2026-04-13 15:34:42.301434,0 days 00:00:00.167899,0.8720016499206853,0.9642978871892143,0.7147818593429474,2.3043343402838463,0.04871087815740635,422,7,103,1.1576267387538817,783,1.5196837099929025e-05,7.143944544317057e-05,3.4608766912274405,0.7935311922374512,PRUNED
26,0.6068350963794285,2026-04-13 15:34:42.301791,2026-04-13 15:34:42.955622,0 days 00:00:00.653831,0.9309924934174051,0.6372585695842855,0.621701551804654,1.5585710358889664,0.00922347319620265,395,6,180,13.278903032308376,618,2.7133531003875004e-07,5.045034403112874e-07,4.323283958644135,0.9495057082956689,PRUNED
27,0.3618063899514769,2026-04-13 15:34:42.955978,2026-04-13 15:34:48.088120,0 days 00:00:05.132142,0.7055605346775219,0.7153891707961955,0.48026215367231784,4.378348080850916,0.07985760122606213,302,5,205,7.281938654410432,1269,0.00016455409232954751,6.500386756984169e-06,2.0436422195917,0.661505393981874,COMPLETE
28,0.5939411182383546,2026-04-13 15:34:48.088526,2026-04-13 15:34:48.180025,0 days 00:00:00.091499,0.7200422587025709,0.7247162692828673,0.49695358859410127,4.349164740465299,0.0769358193872228,290,4,255,9.555770723816202,1244,0.003031198742743213,6.287317278664204e-06,2.0588883562604394,0.6109513288699826,PRUNED
29,0.5902024293631357,2026-04-13 15:34:48.180389,2026-04-13 15:34:48.279851,0 days 00:00:00.099462,0.704217791655666,0.7746949240593184,0.3140507609105886,5.68397158432434,0.05780907014096714,355,5,194,6.001697738643113,1074,0.00033332039553228473,0.0003424428854928708,1.3732920071717287,0.6679164466377882,PRUNED
30,0.6017879772415541,2026-04-13 15:34:48.280259,2026-04-13 15:34:48.436872,0 days 00:00:00.156613,0.7639053438397421,0.8565903117507083,0.44506500476244704,7.030279295452342,0.038475938110019335,215,5,214,24.902746569940216,1482,8.610970715759695e-05,0.0020114658126399077,0.6657582102384181,0.5463894262585397,PRUNED
31,0.6057564359676809,2026-04-13 15:34:48.437272,2026-04-13 15:34:48.753223,0 days 00:00:00.315951,0.8363175476849057,0.7080700378857755,0.899056749698567,5.322588738980123,0.02201827509968432,307,6,182,3.094387690496821,1002,3.300712093973862e-06,1.5199243224128187e-05,2.5075389670360835,0.7074604935827964,PRUNED
32,0.5907758482657067,2026-04-13 15:34:48.753620,2026-04-13 15:34:48.850875,0 days 00:00:00.097255,0.6162958120574936,0.682988387270415,0.5308176702988592,2.9005493584781603,0.05904657897850542,358,4,151,7.477456189653004,795,0.00013786216814880994,8.653436912145536e-07,1.5912132793688558,0.5894039747120475,PRUNED
33,0.5921722735789658,2026-04-13 15:34:48.851242,2026-04-13 15:34:48.953362,0 days 00:00:00.102120,0.6878491344425368,0.6683403822810421,0.5716966301603457,0.6462550476934092,0.033572252864437706,441,5,173,6.219361047054019,1872,2.297737369687119e-05,9.182987842808917e-05,3.041525787896933,0.6586372656084254,PRUNED
34,0.6079256173700561,2026-04-13 15:34:48.953770,2026-04-13 15:34:49.421506,0 days 00:00:00.467736,0.7916060095796729,0.5940628175743564,0.8185010967800568,1.9084709268960784,0.012123073243471456,328,7,230,10.004073884937103,1996,0.00043447545670735507,5.819283299256162e-08,2.8538265854998466,0.773757867570797,PRUNED
35,0.573536222065398,2026-04-13 15:34:49.421914,2026-04-13 15:34:49.514817,0 days 00:00:00.092903,0.4058541444393404,0.7611314668530302,0.36513685673528723,4.154168614445445,0.00583627414990205,404,3,194,14.153807955837276,610,0.0036024374106024743,0.0317500697032053,3.2645281314046577,0.812109509838824,PRUNED
36,0.5960781464137797,2026-04-13 15:34:49.517378,2026-04-13 15:34:49.633285,0 days 00:00:00.115907,0.9491156549889751,0.7862377024055701,0.7572298650900345,2.695785008714237,0.0008603641283686846,485,9,114,3.271731914947347,858,7.727835553258931e-07,15.193145612635263,2.0704618915122373,0.5135252102732201,PRUNED
37,0.5945594481931762,2026-04-13 15:34:49.633678,2026-04-13 15:34:49.732350,0 days 00:00:00.098672,0.8387777475204463,0.7439952848350385,0.6824076172937805,5.077645781949571,0.05826334265920811,239,4,207,18.215124103410474,1761,0.06778570618074496,6.424276797650053e-06,2.5984401597264,0.922537001425823,PRUNED
38,0.5928030730540416,2026-04-13 15:34:49.732715,2026-04-13 15:34:49.830929,0 days 00:00:00.098214,0.6133883565906818,0.8197233573175712,0.8553286548816027,3.5447307596459394,0.001356771084627023,371,6,25,8.05211698766743,1350,1.8856254112054887e-08,2.13662700904565e-07,1.5734877741315763,0.8729066909235289,PRUNED
39,0.5911124486618221,2026-04-13 15:34:49.831323,2026-04-13 15:34:49.924297,0 days 00:00:00.092974,0.8930157083492483,0.86534213924329,0.4964722731111111,0.8357851093882658,0.021444306661363457,441,4,145,5.0672663887302605,1558,2.753552549450335,0.2573405524456484,3.0297430137898904,0.9670370087837056,PRUNED
40,0.3622991235284715,2026-04-13 15:34:49.924655,2026-04-13 15:34:55.081036,0 days 00:00:05.156381,0.767653145388136,0.9184733152758208,0.4163475389028592,3.1267336161704016,0.061340124925246896,335,8,67,10.879713019210184,1003,3.045728827901499e-05,0.0001777263341276754,2.3039879216183965,0.6947689420476939,COMPLETE
41,0.596961843479824,2026-04-13 15:34:55.081397,2026-04-13 15:34:55.183951,0 days 00:00:00.102554,0.7691458033999855,0.905770611135393,0.3943497591661846,3.1395559977464553,0.06315317932818816,342,8,56,15.062338653775681,1014,3.724213085918798e-05,0.00016771076144793574,2.3536238290321183,0.7172753537269966,PRUNED
42,0.5983707956723586,2026-04-13 15:34:55.184306,2026-04-13 15:34:55.287538,0 days 00:00:00.103232,0.7262435874437219,0.940215514238962,0.43313860128751713,3.9268111930900282,0.037088602363276886,380,9,42,11.442382273069356,1258,6.109733438654302e-06,0.001205935267605757,1.8849739713243265,0.7751536488648946,PRUNED
43,0.6032618044345796,2026-04-13 15:34:55.287893,2026-04-13 15:34:55.526818,0 days 00:00:00.238925,0.8242074247321994,0.9953528381626437,0.3082710588744821,6.452033492086969,0.0005261375856685163,294,8,95,16.822656637316513,930,0.00023090164601030855,3.058542190822118e-05,3.5750071292019157,0.6920381784684783,PRUNED
44,0.6090382934456494,2026-04-13 15:34:55.527170,2026-04-13 15:34:56.173969,0 days 00:00:00.646799,0.8565956804783954,0.9531661741286908,0.3967259778508642,1.5064613891017549,0.049316182896470634,314,7,171,8.771672357561005,1021,6.415795928120642e-08,0.005819716977022628,2.1575286256191477,0.6612684716070255,PRUNED
45,0.599090950201817,2026-04-13 15:34:56.174332,2026-04-13 15:34:56.286593,0 days 00:00:00.112261,0.5366772133457645,0.8819256248188985,0.45887632122752814,4.871150239311322,0.07666987411117528,341,6,70,10.256094246462819,846,9.286510933721034e-07,0.00020188019079245696,1.1616783367713202,0.7580010718373439,PRUNED
46,0.5955454074337554,2026-04-13 15:34:56.286958,2026-04-13 15:34:56.392828,0 days 00:00:00.105870,0.7695693706181124,0.6669845634942093,0.5099758068117104,2.4945680267315,0.03135836736531662,436,5,159,12.93288945696418,483,0.0008535805150325968,1.996974051574127e-06,2.6238406294208194,0.6381255180276383,PRUNED
47,0.5967891340322321,2026-04-13 15:34:56.393175,2026-04-13 15:34:56.504539,0 days 00:00:00.111364,0.45443965299447264,0.8380547833933635,0.5604897236769032,3.3333989932994745,0.05075761018057262,369,7,231,2.1546047319980524,650,6.484764140295403e-06,1.3616602971490105e-05,2.940124297105375,0.5386007804356197,PRUNED
48,0.5956347292617893,2026-04-13 15:34:56.504901,2026-04-13 15:34:56.622450,0 days 00:00:00.117549,0.6910416734467297,0.9917584576745948,0.3449330694659835,5.363724909198824,0.0028766777236884145,388,9,203,6.483988061815459,1767,3.293806601013863e-05,0.0006658966652975128,2.3024340738215443,0.5758658430541616,PRUNED
49,0.6057888601228875,2026-04-13 15:34:56.626110,2026-04-13 15:34:56.964305,0 days 00:00:00.338195,0.871532909209504,0.6436782803976769,0.9356824560197918,1.8803976247415455,0.06739807452447709,411,8,188,12.228577458086736,1159,0.016711498568059393,3.0290914898673676e-08,3.2236363554937864,0.5958239900008836,PRUNED
50,0.6020988243821569,2026-04-13 15:34:56.964673,2026-04-13 15:34:57.108647,0 days 00:00:00.143974,0.7363590324973555,0.7952672158149553,0.7693551477823249,4.483486544959844,0.014487447465581577,338,5,80,8.40539427258951,1326,0.2933930143064206,0.00396873097512983,2.0556368273767895,0.6838061976125678,PRUNED
51,0.6094994790830136,2026-04-13 15:34:57.109009,2026-04-13 15:34:57.704202,0 days 00:00:00.595193,0.9127432584625574,0.6902596033840979,0.9950322351103666,9.847668689229156,0.07485505299765227,156,6,243,1.831635013823752,869,3.711333955884888,0.04127326829386452,1.7440224034055243,0.8532319965985076,PRUNED
52,0.6062075242915884,2026-04-13 15:34:57.704565,2026-04-13 15:34:58.027541,0 days 00:00:00.322976,0.8640653524196293,0.6959281129813416,0.9263495375167652,8.641098107244634,0.045457957356042945,428,6,241,3.974447636682795,932,0.2916843314036947,0.016001255219381436,2.7087905702922406,0.9013542478079268,PRUNED
53,0.588080559501449,2026-04-13 15:34:58.027891,2026-04-13 15:34:58.143764,0 days 00:00:00.115873,0.7896860335161907,0.724989344107314,0.6385243436186798,0.82990928305604,0.07818014438744196,451,7,215,2.248287326392919,679,46.61917440696483,0.00010167775434174769,2.3251245930249747,0.8396984558499772,PRUNED
54,0.6020747639071666,2026-04-13 15:34:58.144132,2026-04-13 15:34:58.301405,0 days 00:00:00.157273,0.8079670074131216,0.6020280019886697,0.9626704487372608,9.234164563141487,0.03635603126102383,492,6,226,4.700750548401844,818,1.086283782722224,0.001308323769864998,1.3889991274137556,0.742628477753707,PRUNED
55,0.601020387613817,2026-04-13 15:34:58.301778,2026-04-13 15:34:58.439072,0 days 00:00:00.137294,0.961118294278478,0.9358021288681895,0.5996145447936587,0.3861180558095594,0.054477112575860936,412,5,239,1.0092055465148035,738,12.62913966878129,0.0004096169550983872,1.9047958977363906,0.9494381548670662,PRUNED
56,0.610826890632446,2026-04-13 15:34:58.439410,2026-04-13 15:34:59.229008,0 days 00:00:00.789598,0.6380942269209705,0.8962557439257066,0.8854132740272921,8.18542604142047,0.04136814332902748,311,6,190,10.440581588325594,1062,0.0021243499387481003,0.1630484577584728,2.4394785871152482,0.7989758524466224,PRUNED
57,0.6070330922209433,2026-04-13 15:34:59.232075,2026-04-13 15:34:59.650892,0 days 00:00:00.418817,0.8239946908391989,0.7461171181046311,0.8059735965128489,3.706649807188009,0.06440264139153976,455,7,209,5.574905831228602,973,0.03221723653696342,0.00262419238876543,2.1866480372391965,0.7231870989140252,PRUNED
58,0.5985281031288481,2026-04-13 15:34:59.651249,2026-04-13 15:34:59.776829,0 days 00:00:00.125580,0.926008645910304,0.7071061137214711,0.8461798037722208,7.348954124527159,0.025235530002424872,277,8,200,6.873075363243877,1175,0.005944290429376574,2.1147943973960035,2.8375346619842103,0.9296677806677146,PRUNED
59,0.5997238322194046,2026-04-13 15:34:59.777199,2026-04-13 15:34:59.883140,0 days 00:00:00.105941,0.8882307665640082,0.6530688727518793,0.7392234982840601,6.243029882872878,0.0015011444928115,248,5,166,14.428719853034051,878,0.00012347416909978297,1.078666041751843e-08,2.4874733009885035,0.8990153699094424,PRUNED
60,0.5950369196854084,2026-04-13 15:34:59.883496,2026-04-13 15:34:59.985321,0 days 00:00:00.101825,0.8545436649449879,0.9803301592506203,0.4726036071151759,1.2159901972646363,0.0507012518175942,500,4,137,16.845399616575104,407,1.1007268564523422e-05,4.588292196487274e-05,4.929066445634597,0.8189403964644933,PRUNED
61,0.36092690953260265,2026-04-13 15:34:59.985678,2026-04-13 15:35:04.335986,0 days 00:00:04.350308,0.7643802191033517,0.9742192441526228,0.6946413921231649,5.812151631283177,0.07880194275515118,157,6,255,24.093775827861478,952,0.07940518188993971,2.0333152063015886e-05,3.9896018712188495,0.6283307260112585,COMPLETE
62,0.6098615688682327,2026-04-13 15:35:04.336369,2026-04-13 15:35:04.977270,0 days 00:00:00.640901,0.7504349683859115,0.974275366036326,0.6988259996999032,4.631651957972079,0.0663018661539054,186,6,255,27.592162704234326,768,0.10822864774010175,6.0318791459798586e-06,3.944850136955484,0.6171349354888257,PRUNED
63,0.6107694543422206,2026-04-13 15:35:04.977635,2026-04-13 15:35:05.723621,0 days 00:00:00.745986,0.70811410174309,0.9414416742037041,0.786088983981536,5.579236579118723,0.07951032340759073,152,6,221,29.620958776845967,1090,8.39071475558449,7.287454198097726e-07,4.68019767138658,0.6397072630305508,PRUNED
64,0.5970597803328411,2026-04-13 15:35:05.723986,2026-04-13 15:35:05.828311,0 days 00:00:00.104325,0.7833012892320211,0.9192740134600959,0.6584408014432179,4.1226912109979335,0.04295586054577068,394,5,124,20.868556778427042,922,2.5097699040928333e-06,2.1394603243658905e-05,4.277895732635642,0.5571451956425734,PRUNED
65,0.6106199583699198,2026-04-13 15:35:05.828662,2026-04-13 15:35:06.605613,0 days 00:00:00.776951,0.8101549104661624,0.7592996328013056,0.615001026250464,6.656207440747833,0.06742623220930306,471,7,245,25.794495602025464,560,0.16582338244416325,0.00022686628429583573,2.0088864861163027,0.6773988246170265,PRUNED
66,0.5991290438298114,2026-04-13 15:35:06.608743,2026-04-13 15:35:06.728358,0 days 00:00:00.119615,0.6543133954793237,0.5702413885672712,0.7233954129321767,3.1578959469699774,0.05393045464556456,218,6,234,20.296163390981082,1033,0.6342716656637621,2.3430445008035525e-06,3.6296026355259317,0.7557558438554572,PRUNED
