number,value,datetime_start,datetime_complete,duration,params_colsample_bylevel,params_colsample_bynode,params_colsample_bytree,params_gamma,params_learning_rate,params_max_bin,params_max_depth,params_max_leaves,params_min_child_weight,params_n_estimators,params_reg_alpha,params_reg_lambda,params_scale_pos_weight,params_subsample,state
67,0.5963473772124036,2026-04-13 15:35:06.728698,2026-04-13 15:35:06.834055,0 days 00:00:00.105357,0.6758804138044249,0.6791959835558035,0.6908870729883395,2.1246564249892272,0.03268000551189522,423,5,256,23.895152178082277,964,3.8234215488822926e-05,4.849621064164067e-05,2.702851981049961,0.6504249817442158,PRUNED
68,0.5987934233744069,2026-04-13 15:35:06.834431,2026-04-13 15:35:06.946719,0 days 00:00:00.112288,0.8453969851834031,0.7325911120254881,0.5372418306087071,5.012370316389019,0.007012703592415571,183,7,225,3.033634074683201,1109,1.7625236753570341,7.41084844145651e-08,1.7290191069052332,0.6099208281204539,PRUNED
69,0.6103823055902422,2026-04-13 15:35:06.947080,2026-04-13 15:35:07.674756,0 days 00:00:00.727676,0.7521978727290014,0.7080099956523744,0.8285062957771305,5.913882276579431,0.0621529063933253,406,5,186,4.051951557528678,883,0.030830164007503453,4.432295103975127e-06,2.219929101278387,0.8682547621089155,PRUNED
70,0.5964694665992792,2026-04-13 15:35:07.679900,2026-04-13 15:35:07.796112,0 days 00:00:00.116212,0.8937698488588771,0.9578726337368185,0.4213369772036773,1.6688428413103988,0.04558387133168981,364,8,177,7.816010816079515,1232,1.2569180451470653e-05,3.300781344966751e-07,3.056658128219056,0.5238791378042319,PRUNED
71,0.6094713390424294,2026-04-13 15:35:07.796489,2026-04-13 15:35:08.435548,0 days 00:00:00.639059,0.7390546738649074,0.9800673605146389,0.6560625375261414,6.053028923115639,0.0792964195104151,143,6,249,22.870219033459698,980,0.0908384896169314,1.0469174830791004e-05,4.135493827293747,0.6309611313499174,PRUNED
72,0.6104838169832613,2026-04-13 15:35:08.435920,2026-04-13 15:35:09.191576,0 days 00:00:00.755656,0.8230909735107707,0.9997358022981626,0.7432492349444477,7.0116211699627655,0.056255686527314906,169,6,211,25.4867628746744,808,0.6523262534548916,1.0516106350296866e-06,4.091513100698908,0.7040132452635688,PRUNED
73,0.6093411720393096,2026-04-13 15:35:09.191933,2026-04-13 15:35:09.767697,0 days 00:00:00.575764,0.7145961502407722,0.9502487237263881,0.6775343896727936,5.2554397639338335,0.06983201089623847,136,6,233,27.07012403259823,714,6.225596706427044e-05,2.314582857413977e-05,3.4307081762508966,0.5712906352777488,PRUNED
74,0.5962446735315834,2026-04-13 15:35:09.770287,2026-04-13 15:35:09.871687,0 days 00:00:00.101400,0.7772568719008254,0.928292642866307,0.6337840041844763,2.7811128738992696,0.03854037877834334,212,5,152,20.80902483170654,912,0.0005659467210523354,0.00010118571144682596,3.73430571860616,0.6755281695666401,PRUNED
75,0.5985282313252365,2026-04-13 15:35:09.872046,2026-04-13 15:35:09.986256,0 days 00:00:00.114210,0.8001941441532622,0.9738849042548537,0.7068165158232138,4.257404854178421,0.05928887751539152,132,7,248,9.31790610109683,1450,0.28114538066554,0.0011946833796495084,4.487381532690369,0.6002939338021658,PRUNED
76,0.5921528944215267,2026-04-13 15:35:09.986621,2026-04-13 15:35:10.089779,0 days 00:00:00.103158,0.7521126297743431,0.7173069337881814,0.7560239718800393,5.66074025813221,0.028048927784975683,168,6,16,16.116422760847673,1038,3.351029537314657e-06,0.00029101247174753177,2.497491454738567,0.6563528780967921,PRUNED
77,0.6011680185072256,2026-04-13 15:35:10.090136,2026-04-13 15:35:10.223158,0 days 00:00:00.133022,0.8394927963240095,0.9028676991467123,0.37387065826298216,4.695983893742786,0.06892160169829124,381,5,195,23.63348350427866,831,0.052750894267480926,7.248231176072759e-05,3.2316160991784466,0.9987430203695874,PRUNED
78,0.597367067012279,2026-04-13 15:35:10.226689,2026-04-13 15:35:10.341454,0 days 00:00:00.114765,0.3067586304939239,0.8671969127598778,0.7861831733943107,2.4113921509904577,0.048320658811011434,301,8,237,10.991852590311158,1622,0.00018111796518461253,1.0330453044698745e-05,2.8931779402823175,0.7228590279107879,PRUNED
79,0.5930927261021623,2026-04-13 15:35:10.341822,2026-04-13 15:35:10.444713,0 days 00:00:00.102891,0.8779818131427525,0.6262544393685652,0.878847846262228,7.772498262292994,0.054034050548682225,324,4,221,12.411953028668364,954,5.301738327976619,0.0006951914995441689,1.5008884887580185,0.6936259076525135,PRUNED
80,0.6029064363967819,2026-04-13 15:35:10.445072,2026-04-13 15:35:10.634064,0 days 00:00:00.188992,0.9130936032712742,0.8134112975872009,0.5878561650789903,3.91385058552821,0.020437445392440502,354,9,202,18.706342879303275,1289,0.01844093484161927,0.000141232190776094,1.983248974221995,0.6194786058709669,PRUNED
81,0.5679756725135536,2026-04-13 15:35:10.634432,2026-04-13 15:35:10.731520,0 days 00:00:00.097088,0.3447481865036117,0.6841101709751605,0.42480056201092736,3.4552533509939956,0.004291931513780176,347,3,52,9.465604599482745,1830,7.300944428356192e-05,44.22609918312711,2.602146689270377,0.7992362259851035,PRUNED
82,0.5877599462840107,2026-04-13 15:35:10.735806,2026-04-13 15:35:10.833652,0 days 00:00:00.097846,0.5125048591113368,0.6579214165761094,0.34029444349270815,3.059038872458699,0.005099693034971938,320,4,87,6.023442979746977,705,0.006089410185332521,3.2879016799245663e-06,3.1631629751921646,0.8399853200548172,PRUNED
83,0.5811202109554297,2026-04-13 15:35:10.833973,2026-04-13 15:35:10.930856,0 days 00:00:00.096883,0.4582693203565773,0.9672752325303154,0.3792545238663061,1.3623848706803623,0.00764606906209363,336,3,58,13.80532379341047,1136,2.1520873057513515e-05,10.233637494177884,3.9036270542476856,0.78155298624945,PRUNED
84,0.5896215488253703,2026-04-13 15:35:10.931217,2026-04-13 15:35:11.031847,0 days 00:00:00.100630,0.6911885718952191,0.6957928270068832,0.4089291304193555,0.22968400926282928,0.00419373164816172,267,4,70,2.594503723386082,588,1.2418362160754706,3.404480086480625e-05,3.3482881670093567,0.6504561449740207,PRUNED
85,0.5878339294123177,2026-04-13 15:35:11.032184,2026-04-13 15:35:11.141543,0 days 00:00:00.109359,0.5803964335903281,0.5130037234765472,0.4666849847710432,2.118351654546126,0.0029156048367257044,473,6,40,7.402060052401946,515,0.000275483364214113,1.443217651413368,2.3568195869965614,0.8540061177853274,PRUNED
86,0.5992720858319843,2026-04-13 15:35:11.144790,2026-04-13 15:35:11.255114,0 days 00:00:00.110324,0.7270971324591022,0.6747682746372409,0.72961599622383,2.71281084449548,0.0019410561882769778,436,6,104,1.6100544023586305,766,0.0010720259909801834,1.3282476710804303e-06,2.1444484221953766,0.8256321395749484,PRUNED
87,0.5977715891557023,2026-04-13 15:35:11.255478,2026-04-13 15:35:11.368478,0 days 00:00:00.113000,0.6256263180477976,0.7761605595570105,0.325838778929604,0.5380947356272604,0.0033895962005530363,333,7,123,8.553426776005363,901,5.521410662647182e-07,1.1544985791330266e-07,2.7673227998727254,0.7601634922796408,PRUNED
88,0.5976210126091318,2026-04-13 15:35:11.368831,2026-04-13 15:35:11.475925,0 days 00:00:00.107094,0.9392750127160504,0.7375339765357184,0.4561436808047959,6.405209691646392,0.0707053720778967,453,5,82,5.164726084134871,658,7.848233005825804e-06,0.014643881725821714,3.549672778104003,0.9773340953465425,PRUNED
89,0.592155701946345,2026-04-13 15:35:11.476270,2026-04-13 15:35:11.576108,0 days 00:00:00.099838,0.765900951346997,0.988667450807256,0.8377504367672024,1.0973918451885285,0.060295088302575024,387,4,227,11.436869204131293,1389,0.142109403655139,9.225961019540512e-06,2.9581874569477997,0.8933284502134466,PRUNED
90,0.6070832455310635,2026-04-13 15:35:11.579666,2026-04-13 15:35:11.983234,0 days 00:00:00.403568,0.8214180134672189,0.7597456431395506,0.7129241746490605,1.7669486872608602,0.011246935653208143,416,8,164,21.78031874386683,1958,2.9694233879269925e-05,1.8618171190305187e-05,2.5950406833021424,0.8111233495416825,PRUNED
91,0.6027023217756107,2026-04-13 15:35:11.983570,2026-04-13 15:35:12.171005,0 days 00:00:00.187435,0.6728703727243701,0.8417006255363453,0.9590999141113021,9.98164217448575,0.0008001990171473243,362,9,173,3.7109845123623533,985,2.1062165557765602e-07,0.5359762512704895,1.7221877336837812,0.5324735328489166,PRUNED
92,0.6008531446472892,2026-04-13 15:35:12.171367,2026-04-13 15:35:12.320716,0 days 00:00:00.149349,0.7345791729314776,0.8933956606728971,0.9049189059844515,9.274011278409414,0.0013938373287141672,375,9,183,4.753671890582044,839,1.0527947457286757e-08,5.466773747471049,1.2110297423797163,0.5569709540725082,PRUNED
93,0.5983621730928737,2026-04-13 15:35:12.321079,2026-04-13 15:35:12.430348,0 days 00:00:00.109269,0.7085415050794671,0.850339221037651,0.9891489387891556,8.658262626205822,0.07923907033249072,351,6,250,6.774496377908152,1052,8.173091003022495e-08,0.0075690778523809735,3.7757659526008327,0.5106521912011703,PRUNED
94,0.5990125394102871,2026-04-13 15:35:12.434511,2026-04-13 15:35:12.543966,0 days 00:00:00.109455,0.589116439193059,0.9138502439382858,0.9521772163583421,8.701800393441642,0.014652894100470734,395,6,207,5.431722733123375,1192,0.0001142981287276425,0.10378775728825848,1.8640678801042605,0.5791688615558572,PRUNED
95,0.5862376973428388,2026-04-13 15:35:12.544315,2026-04-13 15:35:12.640711,0 days 00:00:00.096396,0.790771986949062,0.9460216639643205,0.49856218702650146,8.10892576325858,0.0415903595520683,296,3,191,8.054313039300887,1009,0.00046198157160624225,0.5696194414614231,2.2753914936958872,0.63223608165964,PRUNED
96,0.5944856051657504,2026-04-13 15:35:12.641040,2026-04-13 15:35:12.750928,0 days 00:00:00.109888,0.6950829718630336,0.9304477412271284,0.9091194683180895,7.152735286155135,0.001979536809728147,315,9,199,10.573264533276538,945,0.35857084609090045,21.465154552597877,0.8554674057972114,0.6027140396380597,PRUNED
97,0.606452025488806,2026-04-13 15:35:12.751286,2026-04-13 15:35:13.071458,0 days 00:00:00.320172,0.8611848631589201,0.7193475826514706,0.869547346598006,5.273969134925654,0.001156734346387406,328,7,214,15.047036622337103,788,0.20215399605918394,4.7439846593001984e-07,2.1118435670228295,0.5454450048685715,PRUNED
98,0.5990396117989727,2026-04-13 15:35:13.076079,2026-04-13 15:35:13.193936,0 days 00:00:00.117857,0.8063346737009388,0.963791818478357,0.6719557498382659,9.617227088413241,0.0711630823486104,371,8,178,8.91799804380652,889,0.0013919418854228887,4.8603907706766944e-05,2.4015243710572958,0.5029980154881595,PRUNED
99,0.5981146311170613,2026-04-13 15:35:13.194305,2026-04-13 15:35:13.300155,0 days 00:00:00.105850,0.7670330813074768,0.7003844872810682,0.9728145898827611,6.127805842030003,0.04979611399506402,402,5,169,7.061586496984335,1574,0.00019177687615291587,0.0004990061816946973,2.726144410353714,0.6691125988993358,PRUNED
100,0.6114709623344559,2026-04-13 15:35:13.300514,2026-04-13 15:35:14.101649,0 days 00:00:00.801135,0.8776704573549663,0.7995874239981026,0.7666518663477246,5.514801629964385,0.03573066363969673,430,6,241,17.419718821426333,1099,5.171238588123527e-05,0.0023667626727138505,1.5519844331199755,0.939691820198275,PRUNED
101,0.5943083778439873,2026-04-13 15:35:14.102007,2026-04-13 15:35:14.214719,0 days 00:00:00.112712,0.9937700679038158,0.8854946891990786,0.932100598907148,8.951625223166369,0.0020132278350253026,345,9,74,12.913297691586816,494,16.59904553995874,7.7013175614981355,5.099377660217327,0.7711533255066804,PRUNED
102,0.5883347250264909,2026-04-13 15:35:14.218270,2026-04-13 15:35:14.328021,0 days 00:00:00.109751,0.744016494909902,0.8714281587082067,0.40439730759575876,6.676793003764813,0.0005971211625034622,381,9,62,24.483264788672564,845,33.905232193936406,29.61491446108716,5.020601860125067,0.7941826657686822,PRUNED
103,0.5998805660360081,2026-04-13 15:35:14.328378,2026-04-13 15:35:14.450557,0 days 00:00:00.122179,0.9658654850063416,0.9230910635447989,0.44509170853622815,4.877825728627415,0.001697657493215899,362,9,66,19.63381305758601,744,0.008895293108204175,2.9528247222828816,1.965577766534779,0.7350103383540483,PRUNED
104,0.5952116280556379,2026-04-13 15:35:14.450915,2026-04-13 15:35:14.561203,0 days 00:00:00.110288,0.8487693996769962,0.6699158696081525,0.6947981153846065,5.7581271656582205,0.0011066991287097168,147,8,42,2.651964003792834,1712,1.0723903248166504,2.7932555747169276,5.480660466832082,0.6441332333978321,PRUNED
105,0.5985157949248099,2026-04-13 15:35:14.561569,2026-04-13 15:35:14.681144,0 days 00:00:00.119575,0.9050428311299906,0.9863014024998639,0.7969774561259844,3.716498900520768,0.0022916071249373927,386,9,93,5.849510062514897,1011,3.886449132463253,0.8645867908220265,5.382340939942575,0.783383474660254,PRUNED
106,0.5943662909279237,2026-04-13 15:35:14.685725,2026-04-13 15:35:14.793111,0 days 00:00:00.107386,0.9751639295161417,0.7305327627198195,0.39084092757664163,4.473185186188031,0.004885102503166932,128,6,50,26.220816215651123,469,0.031006485563430334,2.7042501045501494e-08,4.6425517494857305,0.8085792160209735,PRUNED
107,0.5996462268869442,2026-04-13 15:35:14.793484,2026-04-13 15:35:14.910550,0 days 00:00:00.117066,0.7190770947330899,0.9094680974465693,0.3576508775072868,5.082753146225217,0.06328369690695007,284,9,34,1.7390115624157336,944,2.010323142044317e-06,0.000134623417784445,2.2814739865757336,0.8367162007487036,PRUNED
108,0.5956206263483858,2026-04-13 15:35:14.910908,2026-04-13 15:35:15.023030,0 days 00:00:00.112122,0.36523991358615393,0.7517730565803171,0.42929740083431983,2.539625739977212,0.005835207800029939,162,7,250,9.762294577530547,610,3.931658749427965e-06,4.855963378411328,2.5004591014968938,0.5686868958922898,PRUNED
109,0.5972631474001369,2026-04-13 15:35:15.023382,2026-04-13 15:35:15.137633,0 days 00:00:00.114251,0.8350121875759252,0.9538441434227246,0.4803119376507563,8.164652729143686,0.003430989486456602,407,6,153,7.764321584508566,1064,1.1480484332562475e-06,2.6722809884393355e-06,3.1347225413522075,0.7086801801826785,PRUNED
110,0.6078307537866788,2026-04-13 15:35:15.141574,2026-04-13 15:35:15.789420,0 days 00:00:00.647846,0.6525783066240792,0.8876947800690265,0.6430696068647657,5.923761209162135,0.0726000629138183,199,8,147,23.002539233544628,403,0.5126321056353341,5.384873246800072e-06,5.331638769360568,0.7410664428302415,PRUNED
111,0.5905188788012532,2026-04-13 15:35:15.789775,2026-04-13 15:35:15.889939,0 days 00:00:00.100164,0.4884733946503406,0.8250603942767766,0.5622909375080027,0.060114084232671505,0.0033616266110041773,223,4,26,8.83769463171912,530,3.256488901147924e-08,0.034866540860695634,4.839197732041338,0.918864306144209,PRUNED
112,0.5942646747521654,2026-04-13 15:35:15.890300,2026-04-13 15:35:15.991839,0 days 00:00:00.101539,0.7550269568662592,0.7142574276905328,0.5277774509496282,1.0685831273574427,0.054972545060996525,418,4,220,6.486897451199566,464,1.0034451654776736e-07,0.2650585668877667,5.267732075805436,0.8575137840300261,PRUNED
113,0.5920803198132903,2026-04-13 15:35:15.992189,2026-04-13 15:35:16.094153,0 days 00:00:00.101964,0.509638865889749,0.7775230702680057,0.44067224762124724,0.7211364580012117,0.0038359945505454327,238,4,133,10.228231813485742,646,1.616478636734283e-05,1.2044002950721489,5.20627922959038,0.964809175118331,PRUNED
114,0.5914893516238846,2026-04-13 15:35:16.096986,2026-04-13 15:35:16.199737,0 days 00:00:00.102751,0.5387523631998559,0.7901691187525863,0.6150593294337421,9.562265436192112,0.004938708674522575,446,5,21,11.842847204496861,567,0.05462771428549959,0.00029953769381364255,1.6597254140461093,0.8822632420262025,PRUNED
115,0.5906410926248453,2026-04-13 15:35:16.200078,2026-04-13 15:35:16.307779,0 days 00:00:00.107701,0.4770896472005614,0.7441807911055373,0.5449209566318474,0.28511452240326735,0.002585006559789427,357,4,114,3.541895901357938,442,4.37128584825515e-07,0.0009326076046733517,2.6459523759593364,0.9073489000008955,PRUNED
116,0.5856089147359516,2026-04-13 15:35:16.308130,2026-04-13 15:35:16.405887,0 days 00:00:00.097757,0.7836553268279494,0.9369798404315114,0.7255874049977225,6.338483951116517,0.06410729096150362,254,3,13,21.82388046819864,689,2.1811516254530694e-07,0.06799842600285864,4.51971373777162,0.8695599439439835,PRUNED
117,0.5951419890780644,2026-04-13 15:35:16.406204,2026-04-13 15:35:16.517492,0 days 00:00:00.111288,0.4453147797053422,0.8041735359259146,0.5181893489227043,0.5038626334339555,0.0060707676972290335,306,6,186,4.329203180068885,916,3.539959922282559e-08,20.095532405376915,5.574514984062793,0.9322059775360743,PRUNED
118,0.5945317057842668,2026-04-13 15:35:16.522114,2026-04-13 15:35:16.627229,0 days 00:00:00.105115,0.4361621086049129,0.8542595775696762,0.4139484633197872,2.9706145674268187,0.04710512882678553,141,5,196,8.360003652739,534,9.77235177696953e-05,11.344468288856657,4.204604168702374,0.5238156411201982,PRUNED
119,0.6077810752103636,2026-04-13 15:35:16.627590,2026-04-13 15:35:17.097400,0 days 00:00:00.469810,0.7959998352249762,0.6411147668833455,0.7446879422283017,1.95807100147437,0.07943527544153818,338,7,159,11.057931982751091,858,0.09502608669109869,2.4344522807547636e-05,2.8337078015021433,0.952754697834193,PRUNED
120,0.3611608292680213,2026-04-13 15:35:17.097756,2026-04-13 15:35:22.767448,0 days 00:00:05.669692,0.6772698065940713,0.7026523932678767,0.6305561653650499,0.8959695087174948,0.05872465954527115,176,6,204,7.430738875805677,889,0.00032620145644282763,1.3026619074453304e-05,2.1864619441597783,0.8459157932974107,COMPLETE
121,0.3608708348593663,2026-04-13 15:35:22.767818,2026-04-13 15:35:28.167889,0 days 00:00:05.400071,0.702353454655803,0.6870773043102214,0.4850934379704708,0.8240633965583243,0.05604102730975576,177,6,202,7.3488505827058255,794,0.0003019614597025185,5.3203701264144924e-05,2.1613174411360676,0.8261018740254483,COMPLETE
122,0.5995639547123238,2026-04-13 15:35:28.168275,2026-04-13 15:35:28.277039,0 days 00:00:00.108764,0.6717793931469996,0.6932727212533473,0.6588382788101887,0.9273764643144216,0.06044268058590629,178,6,206,7.302271276679168,787,0.0004187269501231436,1.5908856135497298e-05,2.0893986839213374,0.8341893123649784,PRUNED
123,0.6071303637715445,2026-04-13 15:35:28.277411,2026-04-13 15:35:28.533222,0 days 00:00:00.255811,0.6815058700608928,0.6876778410781945,0.6283770469841917,1.4179078211280394,0.052539030662098876,191,6,212,6.377056442923697,877,0.00066251205334315,7.043943685405612e-05,1.798506640870099,0.8212212324224413,PRUNED
124,0.602489603443906,2026-04-13 15:35:28.533568,2026-04-13 15:35:28.676111,0 days 00:00:00.142543,0.6994597255459334,0.6506679360511405,0.6830799602446609,2.2421911320740833,0.07018549246060328,172,6,193,9.283724541403583,820,0.0003011824745684283,7.48356503450657e-06,2.2060264687936297,0.8445161337489456,PRUNED
125,0.6058936113244102,2026-04-13 15:35:28.676501,2026-04-13 15:35:28.900996,0 days 00:00:00.224495,0.6358722713755212,0.7030381997052053,0.4842949666547183,1.5832392605880554,0.05771867783118565,153,6,201,15.734352865267748,969,0.00015079633545790792,1.2798276638017178e-05,2.4416876723594765,0.6866200977521405,PRUNED
126,0.5987013908208617,2026-04-13 15:35:28.904996,2026-04-13 15:35:29.011936,0 days 00:00:00.106940,0.7268641644549795,0.709911614391631,0.45408796794442874,3.2557380544551826,0.009110361272620854,161,6,235,5.6198956389323635,997,0.0014104348756046913,4.0208633570969924e-05,1.942098794381216,0.8045862754063381,PRUNED
127,0.5973933332779953,2026-04-13 15:35:29.012292,2026-04-13 15:35:29.125392,0 days 00:00:00.113100,0.7101093499678156,0.663273430826517,0.3812691781626426,5.43583058941941,0.040602610597651266,462,6,75,1.0245365190436573,906,5.091966945643283e-05,6.30495567587057e-05,2.2758534782168116,0.82450113271977,PRUNED
128,0.5991247885418713,2026-04-13 15:35:29.125763,2026-04-13 15:35:29.238056,0 days 00:00:00.112293,0.74158403643605,0.7244906809291677,0.5910906354734665,0.4041565089635217,0.06747128744507848,201,6,228,17.693312939337122,747,0.003941619879826061,3.920202067210418e-06,2.565178651657904,0.7855448733917828,PRUNED
129,0.5960861453621906,2026-04-13 15:35:29.238418,2026-04-13 15:35:29.352609,0 days 00:00:00.114191,0.6550237696682997,0.6784076393188696,0.5777616109015652,7.515631311350406,0.04533094909801626,376,6,217,7.858042011683249,816,0.000881522358261307,3.4519358761714095e-05,4.014028162730895,0.5909398239799613,PRUNED
130,0.6084771717770548,2026-04-13 15:35:29.357106,2026-04-13 15:35:29.740385,0 days 00:00:00.383279,0.7763610441349736,0.9670256806980789,0.707264906182492,5.7675655380667115,0.07400629112966534,500,7,181,4.5537963687836065,937,1.7632693748743227,1.6634127520460035e-06,2.97167969123781,0.7670978962020655,PRUNED
131,0.5947112439981342,2026-04-13 15:35:29.740751,2026-04-13 15:35:29.847464,0 days 00:00:00.106713,0.6899441468112483,0.7535083644155114,0.4977760707183822,0.8687923187648994,0.061581347919694905,321,5,247,7.024778505310783,862,2.1323191790459306e-05,46.09093991218288,2.047963262425092,0.8607307746912936,PRUNED
132,0.600506911379258,2026-04-13 15:35:29.847826,2026-04-13 15:35:29.975750,0 days 00:00:00.127924,0.760779630976935,0.7374475795716668,0.6025741214077689,0.6473241954909283,0.055546369983891904,348,6,254,8.263961729189571,900,8.12688568057002e-06,0.0001702390583950551,4.376175832334457,0.8154558068272908,PRUNED
133,0.563855416108606,2026-04-13 15:35:29.976119,2026-04-13 15:35:30.079772,0 days 00:00:00.103653,0.9418713300658934,0.695961831470992,0.6668945797805038,1.3099759229260002,0.002944601503738605,331,9,5,9.144177157170454,1515,0.00023174962840814595,0.3748182410324395,2.4005032933722146,0.8494636004054579,PRUNED
134,0.5964745559828752,2026-04-13 15:35:30.082468,2026-04-13 15:35:30.180903,0 days 00:00:00.098435,0.8883161155633656,0.7716692494897478,0.8218364835003611,0.15676809128629687,0.06718452555822345,142,4,204,9.891774141739193,959,0.0028728753256173404,2.6240300759866105e-05,2.192832670086714,0.8304176753765983,PRUNED
