number,value,datetime_start,datetime_complete,duration,params_colsample_bylevel,params_colsample_bynode,params_colsample_bytree,params_gamma,params_learning_rate,params_max_bin,params_max_depth,params_max_leaves,params_min_child_weight,params_n_estimators,params_reg_alpha,params_reg_lambda,params_scale_pos_weight,params_subsample,state
135,0.5952019976049128,2026-04-13 15:35:30.181224,2026-04-13 15:35:30.289017,0 days 00:00:00.107793,0.8679744334070021,0.9988765475801856,0.5474116351180303,1.0679692183984173,0.0009312798917593973,175,5,190,7.558886539049184,729,9.413341379347075e-05,0.0016358933749266724,3.3429802244859115,0.6273192589314395,PRUNED
136,0.6065127298765327,2026-04-13 15:35:30.289368,2026-04-13 15:35:30.536178,0 days 00:00:00.246810,0.7206850506633475,0.6840445415940009,0.6448747645397528,9.037185093004759,0.05133229534261584,364,6,208,14.464281268907023,1035,3.32905196246014e-05,8.497495354260461e-05,1.8427446230915978,0.6595323584562536,PRUNED
137,0.6084312807958714,2026-04-13 15:35:30.536551,2026-04-13 15:35:30.896592,0 days 00:00:00.360041,0.8357547370599802,0.9818034552359549,0.9187082426996501,6.94908479147136,0.07398262215681521,265,6,242,5.16665614316572,793,4.960212254877998e-06,8.322936157476249e-06,4.809686328084126,0.7908967728864987,PRUNED
138,0.5977807233146327,2026-04-13 15:35:30.899145,2026-04-13 15:35:31.015509,0 days 00:00:00.116364,0.8155599372115216,0.903080036489735,0.5124621896997841,6.008826006353971,0.07954533904876095,161,8,197,6.473430713576229,994,9.927586725313612,0.0044637547147718445,2.36953712166372,0.8890750824798535,PRUNED
139,0.5931507151883899,2026-04-13 15:35:31.015865,2026-04-13 15:35:31.121179,0 days 00:00:00.105314,0.7328926161733451,0.7175917468432758,0.4675617219608829,1.789451531385842,0.0037503551681324376,275,4,185,24.722025639207793,874,1.0224384163302276e-08,0.00045803086963029253,1.2805225055254184,0.6114940955271159,PRUNED
140,0.3421206400575333,2026-04-13 15:35:31.121520,2026-04-13 15:35:31.211166,0 days 00:00:00.089646,0.9209054056648559,0.8733400089438766,0.4010061753894739,8.400880801699248,0.004578827684886673,396,9,1,10.785163709082674,1147,1.2767025201808618e-07,4.406874614824891,5.475973951712731,0.7494865631134751,PRUNED
141,0.581364834671334,2026-04-13 15:35:31.211488,2026-04-13 15:35:31.309956,0 days 00:00:00.098468,0.49670788133014737,0.561389627772412,0.889103376393638,1.2226190312754905,0.0006032233408495426,186,3,142,28.68991650585197,1376,0.12994899418839392,0.00013706791018970607,2.771086490869557,0.9984306989626105,PRUNED
142,0.5781412976165732,2026-04-13 15:35:31.313572,2026-04-13 15:35:31.413253,0 days 00:00:00.099681,0.5719476350827645,0.958049172216966,0.9410794605994579,0.7076235176415604,0.0007706855143577525,226,3,162,2.20565825065075,1276,0.022889153026998215,0.0002505217253771752,3.113874640398428,0.9746370301247352,PRUNED
143,0.5813377611601425,2026-04-13 15:35:31.413615,2026-04-13 15:35:31.512681,0 days 00:00:00.099066,0.4749758284683817,0.5175095755381377,0.8112617365126983,1.5108852665917039,0.0010860744841283045,202,3,103,27.045857715099178,1323,0.22908472634936244,1.6145516201864005e-05,2.669412971074288,0.9624620414510652,PRUNED
144,0.599025353371567,2026-04-13 15:35:31.513001,2026-04-13 15:35:31.622538,0 days 00:00:00.109537,0.5123137347672452,0.5400104666089183,0.871391208019012,1.9895564780116188,0.0007169370302591555,136,6,171,29.395792819799826,1080,0.04490763764373411,0.0006865281963578298,3.472392006476337,0.8738027317068195,PRUNED
145,0.596178436315154,2026-04-13 15:35:31.622907,2026-04-13 15:35:31.732742,0 days 00:00:00.109835,0.4306496114198052,0.7661997460124543,0.8557429215790451,6.202472063940654,0.006795674275598661,192,5,119,19.486380243650302,1862,0.06619636307281093,5.144054042673409e-05,1.4679219234212808,0.9808206639119094,PRUNED
146,0.5827174504348166,2026-04-13 15:35:31.736777,2026-04-13 15:35:31.834879,0 days 00:00:00.098102,0.5293551378506517,0.7324240748058289,0.775939442720518,5.198553268473168,0.06336912166571264,168,3,94,8.566316591074074,936,0.8445257945698448,0.16626174819775782,3.6742164501801313,0.9092213719527948,PRUNED
147,0.5961077411855518,2026-04-13 15:35:31.835205,2026-04-13 15:35:31.949576,0 days 00:00:00.114371,0.5644217288342429,0.6321763515890335,0.4227228766131286,0.9516445580882954,0.0009968823532728324,427,6,59,16.383715342451797,835,0.39807592359119526,0.0003712393422356291,2.4929354760096274,0.9441214432272296,PRUNED
148,0.5953960068058435,2026-04-13 15:35:31.949921,2026-04-13 15:35:32.058369,0 days 00:00:00.108448,0.7121726605943615,0.7834392442675213,0.43886589793299985,0.3898876717673482,0.05873037783238335,153,5,50,13.352246643688881,973,1.1441919474064024e-05,4.825359435511708e-08,3.0099561768576275,0.6432226776473728,PRUNED
149,0.5994480614199418,2026-04-13 15:35:32.058718,2026-04-13 15:35:32.173591,0 days 00:00:00.114873,0.5257624401393769,0.7062783033902684,0.8958781565794619,0.5556785199389243,0.0006502016521574358,180,7,155,21.265932530940034,1214,4.813891925282721e-08,1.9105700818440597e-07,2.127630620531028,0.6685031211162117,PRUNED
